2022.07.18 20:32:38 INFO  tracing is disabled for protocol LSP, to enable tracing of incoming and outgoing JSON messages create an empty file at /Users/tharinduepasingha/Documents/Y2 S1/Functional Programming/lab3/.metals/lsp.trace.json or /Users/tharinduepasingha/Library/Caches/org.scalameta.metals/lsp.trace.json
2022.07.18 20:32:39 INFO  logging to file /Users/tharinduepasingha/Documents/Y2 S1/Functional Programming/lab3/.metals/metals.log
2022.07.18 20:32:39 INFO  Started: Metals version 0.11.7 in workspace '/Users/tharinduepasingha/Documents/Y2 S1/Functional Programming/lab3' for client Visual Studio Code 1.69.1.
2022.07.18 20:32:40 INFO  time: initialize in 0.75s
2022.07.18 20:32:40 WARN  Flyway upgrade recommended: H2 2.1.214 is newer than this version of Flyway and support has not been tested. The latest supported version of H2 is 2.1.210.
2022.07.18 20:32:40 WARN  Build server is not auto-connectable.
2022.07.18 20:32:40 WARN  no build tool detected in workspace '/Users/tharinduepasingha/Documents/Y2 S1/Functional Programming/lab3'. The most common cause for this problem is that the editor was opened in the wrong working directory, for example if you use sbt then the workspace directory should contain build.sbt. 
2022.07.18 20:32:45 WARN  no build target for: /Users/tharinduepasingha/Documents/Y2 S1/Functional Programming/lab3/main.scala
2022.07.18 20:32:53 INFO  no build target found for /Users/tharinduepasingha/Documents/Y2 S1/Functional Programming/lab3/main.scala. Using presentation compiler with project's scala-library version: 3.1.3
2022.07.18 20:32:53 WARN  no build target for: /Users/tharinduepasingha/Documents/Y2 S1/Functional Programming/lab3/q1.scala
2022.07.18 20:32:54 INFO  time: code lens generation in 1.08s
2022.07.18 20:32:54 INFO  time: code lens generation in 9.21s
2022.07.18 20:32:54 INFO  time: code lens generation in 1.08s
2022.07.18 20:32:54 INFO  time: code lens generation in 1.08s
2022.07.18 20:32:54 INFO  time: code lens generation in 9.21s
2022.07.18 20:32:54 INFO  time: code lens generation in 1.08s
2022.07.18 20:43:46 WARN  no build target for: /Users/tharinduepasingha/Documents/Y2 S1/Functional Programming/lab3/q1.scala
2022.07.18 20:44:17 WARN  no build target for: /Users/tharinduepasingha/Documents/Y2 S1/Functional Programming/lab3/q2.scala
2022.07.18 20:44:36 WARN  no build target for: /Users/tharinduepasingha/Documents/Y2 S1/Functional Programming/lab3/q1.scala
Exception in thread "pool-3-thread-1" java.lang.InterruptedException
	at scala.meta.internal.metals.FutureCancelToken.checkCanceled(FutureCancelToken.scala:29)
	at scala.meta.internal.pc.CompilerAccess.onCompilerJobQueue$$anonfun$1(CompilerAccess.scala:196)
	at scala.meta.internal.pc.CompilerJobQueue$Job.run(CompilerJobQueue.scala:152)
	at java.base/java.util.concurrent.ThreadPoolExecutor.runWorker(ThreadPoolExecutor.java:1130)
	at java.base/java.util.concurrent.ThreadPoolExecutor$Worker.run(ThreadPoolExecutor.java:630)
	at java.base/java.lang.Thread.run(Thread.java:831)
Exception in thread "pool-3-thread-2" java.lang.InterruptedException
	at scala.meta.internal.metals.FutureCancelToken.checkCanceled(FutureCancelToken.scala:29)
	at scala.meta.internal.pc.CompilerAccess.onCompilerJobQueue$$anonfun$1(CompilerAccess.scala:196)
	at scala.meta.internal.pc.CompilerJobQueue$Job.run(CompilerJobQueue.scala:152)
	at java.base/java.util.concurrent.ThreadPoolExecutor.runWorker(ThreadPoolExecutor.java:1130)
	at java.base/java.util.concurrent.ThreadPoolExecutor$Worker.run(ThreadPoolExecutor.java:630)
	at java.base/java.lang.Thread.run(Thread.java:831)
Exception in thread "pool-3-thread-3" java.lang.InterruptedException
	at scala.meta.internal.metals.FutureCancelToken.checkCanceled(FutureCancelToken.scala:29)
	at scala.meta.internal.pc.CompilerAccess.onCompilerJobQueue$$anonfun$1(CompilerAccess.scala:196)
	at scala.meta.internal.pc.CompilerJobQueue$Job.run(CompilerJobQueue.scala:152)
	at java.base/java.util.concurrent.ThreadPoolExecutor.runWorker(ThreadPoolExecutor.java:1130)
	at java.base/java.util.concurrent.ThreadPoolExecutor$Worker.run(ThreadPoolExecutor.java:630)
	at java.base/java.lang.Thread.run(Thread.java:831)
2022.07.18 20:44:39 WARN  no build target for: /Users/tharinduepasingha/Documents/Y2 S1/Functional Programming/lab3/q1.scala
2022.07.18 20:44:43 WARN  no build target for: /Users/tharinduepasingha/Documents/Y2 S1/Functional Programming/lab3/q1.scala
2022.07.18 20:44:45 WARN  no build target for: /Users/tharinduepasingha/Documents/Y2 S1/Functional Programming/lab3/q1.scala
2022.07.18 20:46:13 WARN  no build target for: /Users/tharinduepasingha/Documents/Y2 S1/Functional Programming/lab3/q1.scala
2022.07.18 20:46:16 WARN  no build target for: /Users/tharinduepasingha/Documents/Y2 S1/Functional Programming/lab3/q1.scala
2022.07.18 20:46:19 WARN  no build target for: /Users/tharinduepasingha/Documents/Y2 S1/Functional Programming/lab3/q1.scala
2022.07.18 20:46:20 WARN  no build target for: /Users/tharinduepasingha/Documents/Y2 S1/Functional Programming/lab3/q1.scala
2022.07.18 20:46:22 WARN  no build target for: /Users/tharinduepasingha/Documents/Y2 S1/Functional Programming/lab3/q1.scala
Jul 18, 2022 8:46:23 PM org.eclipse.lsp4j.jsonrpc.RemoteEndpoint handleCancellation
WARNING: Unmatched cancel notification for request id 184
2022.07.18 20:46:24 WARN  no build target for: /Users/tharinduepasingha/Documents/Y2 S1/Functional Programming/lab3/q1.scala
2022.07.18 20:46:27 WARN  no build target for: /Users/tharinduepasingha/Documents/Y2 S1/Functional Programming/lab3/q1.scala
2022.07.18 20:46:30 WARN  no build target for: /Users/tharinduepasingha/Documents/Y2 S1/Functional Programming/lab3/q1.scala
2022.07.18 20:46:32 WARN  no build target for: /Users/tharinduepasingha/Documents/Y2 S1/Functional Programming/lab3/q1.scala
2022.07.18 20:46:37 WARN  no build target for: /Users/tharinduepasingha/Documents/Y2 S1/Functional Programming/lab3/q1.scala
2022.07.18 20:46:41 WARN  no build target for: /Users/tharinduepasingha/Documents/Y2 S1/Functional Programming/lab3/q1.scala
2022.07.18 20:46:42 WARN  no build target for: /Users/tharinduepasingha/Documents/Y2 S1/Functional Programming/lab3/q1.scala
2022.07.18 20:46:45 WARN  no build target for: /Users/tharinduepasingha/Documents/Y2 S1/Functional Programming/lab3/q1.scala
2022.07.18 20:46:48 WARN  no build target for: /Users/tharinduepasingha/Documents/Y2 S1/Functional Programming/lab3/q1.scala
2022.07.18 20:46:50 WARN  no build target for: /Users/tharinduepasingha/Documents/Y2 S1/Functional Programming/lab3/q1.scala
2022.07.18 20:46:53 WARN  no build target for: /Users/tharinduepasingha/Documents/Y2 S1/Functional Programming/lab3/q1.scala
2022.07.18 20:46:55 WARN  no build target for: /Users/tharinduepasingha/Documents/Y2 S1/Functional Programming/lab3/q1.scala
2022.07.18 20:46:56 WARN  no build target for: /Users/tharinduepasingha/Documents/Y2 S1/Functional Programming/lab3/q1.scala
2022.07.18 20:46:58 WARN  no build target for: /Users/tharinduepasingha/Documents/Y2 S1/Functional Programming/lab3/q1.scala
2022.07.18 20:47:00 WARN  no build target for: /Users/tharinduepasingha/Documents/Y2 S1/Functional Programming/lab3/q1.scala
2022.07.18 20:47:10 WARN  no build target for: /Users/tharinduepasingha/Documents/Y2 S1/Functional Programming/lab3/q1.scala
2022.07.18 20:47:12 WARN  no build target for: /Users/tharinduepasingha/Documents/Y2 S1/Functional Programming/lab3/q1.scala
2022.07.18 20:47:17 WARN  no build target for: /Users/tharinduepasingha/Documents/Y2 S1/Functional Programming/lab3/q1.scala
2022.07.18 20:47:24 WARN  no build target for: /Users/tharinduepasingha/Documents/Y2 S1/Functional Programming/lab3/q1.scala
Jul 18, 2022 8:47:25 PM org.eclipse.lsp4j.jsonrpc.RemoteEndpoint fallbackResponseError
SEVERE: Internal error: java.lang.reflect.InvocationTargetException
java.lang.RuntimeException: java.lang.reflect.InvocationTargetException
	at org.eclipse.lsp4j.jsonrpc.services.GenericEndpoint.lambda$null$0(GenericEndpoint.java:67)
	at org.eclipse.lsp4j.jsonrpc.services.GenericEndpoint.request(GenericEndpoint.java:120)
	at org.eclipse.lsp4j.jsonrpc.RemoteEndpoint.handleRequest(RemoteEndpoint.java:261)
	at org.eclipse.lsp4j.jsonrpc.RemoteEndpoint.consume(RemoteEndpoint.java:190)
	at org.eclipse.lsp4j.jsonrpc.json.StreamMessageProducer.handleMessage(StreamMessageProducer.java:194)
	at org.eclipse.lsp4j.jsonrpc.json.StreamMessageProducer.listen(StreamMessageProducer.java:94)
	at org.eclipse.lsp4j.jsonrpc.json.ConcurrentMessageProcessor.run(ConcurrentMessageProcessor.java:113)
	at java.base/java.util.concurrent.Executors$RunnableAdapter.call(Executors.java:515)
	at java.base/java.util.concurrent.FutureTask.run(FutureTask.java:264)
	at java.base/java.util.concurrent.ThreadPoolExecutor.runWorker(ThreadPoolExecutor.java:1130)
	at java.base/java.util.concurrent.ThreadPoolExecutor$Worker.run(ThreadPoolExecutor.java:630)
	at java.base/java.lang.Thread.run(Thread.java:831)
Caused by: java.lang.reflect.InvocationTargetException
	at jdk.internal.reflect.GeneratedMethodAccessor3.invoke(Unknown Source)
	at java.base/jdk.internal.reflect.DelegatingMethodAccessorImpl.invoke(DelegatingMethodAccessorImpl.java:43)
	at java.base/java.lang.reflect.Method.invoke(Method.java:567)
	at org.eclipse.lsp4j.jsonrpc.services.GenericEndpoint.lambda$null$0(GenericEndpoint.java:65)
	... 11 more
Caused by: java.lang.IllegalArgumentException: 10 is not a valid line number, allowed [0..8]
	at scala.meta.internal.inputs.InternalInput.lineToOffset(InternalInput.scala:37)
	at scala.meta.internal.inputs.InternalInput.lineToOffset$(InternalInput.scala:32)
	at scala.meta.inputs.Input$VirtualFile.lineToOffset(Input.scala:80)
	at scala.meta.inputs.Position$Range$.apply(Position.scala:59)
	at scala.meta.internal.mtags.MtagsEnrichments$XtensionPositionLspInverse.toMeta(MtagsEnrichments.scala:179)
	at scala.meta.internal.parsing.Trees.$anonfun$findLastEnclosingAt$4(Trees.scala:77)
	at scala.Option.flatMap(Option.scala:283)
	at scala.meta.internal.parsing.Trees.findLastEnclosingAt(Trees.scala:76)
	at scala.meta.internal.metals.codeactions.PatternMatchRefactor.contribute(PatternMatchRefactor.scala:96)
	at scala.meta.internal.metals.CodeActionProvider$$anonfun$1.applyOrElse(CodeActionProvider.scala:66)
	at scala.meta.internal.metals.CodeActionProvider$$anonfun$1.applyOrElse(CodeActionProvider.scala:65)
	at scala.collection.immutable.List.collect(List.scala:275)
	at scala.meta.internal.metals.CodeActionProvider.codeActions(CodeActionProvider.scala:65)
	at scala.meta.internal.metals.MetalsLanguageServer.$anonfun$codeAction$1(MetalsLanguageServer.scala:1652)
	at scala.meta.internal.metals.CancelTokens$.future(CancelTokens.scala:38)
	at scala.meta.internal.metals.MetalsLanguageServer.codeAction(MetalsLanguageServer.scala:1651)
	... 15 more

2022.07.18 20:47:26 WARN  no build target for: /Users/tharinduepasingha/Documents/Y2 S1/Functional Programming/lab3/q1.scala
Jul 18, 2022 8:47:27 PM org.eclipse.lsp4j.jsonrpc.RemoteEndpoint fallbackResponseError
SEVERE: Internal error: java.lang.reflect.InvocationTargetException
java.lang.RuntimeException: java.lang.reflect.InvocationTargetException
	at org.eclipse.lsp4j.jsonrpc.services.GenericEndpoint.lambda$null$0(GenericEndpoint.java:67)
	at org.eclipse.lsp4j.jsonrpc.services.GenericEndpoint.request(GenericEndpoint.java:120)
	at org.eclipse.lsp4j.jsonrpc.RemoteEndpoint.handleRequest(RemoteEndpoint.java:261)
	at org.eclipse.lsp4j.jsonrpc.RemoteEndpoint.consume(RemoteEndpoint.java:190)
	at org.eclipse.lsp4j.jsonrpc.json.StreamMessageProducer.handleMessage(StreamMessageProducer.java:194)
	at org.eclipse.lsp4j.jsonrpc.json.StreamMessageProducer.listen(StreamMessageProducer.java:94)
	at org.eclipse.lsp4j.jsonrpc.json.ConcurrentMessageProcessor.run(ConcurrentMessageProcessor.java:113)
	at java.base/java.util.concurrent.Executors$RunnableAdapter.call(Executors.java:515)
	at java.base/java.util.concurrent.FutureTask.run(FutureTask.java:264)
	at java.base/java.util.concurrent.ThreadPoolExecutor.runWorker(ThreadPoolExecutor.java:1130)
	at java.base/java.util.concurrent.ThreadPoolExecutor$Worker.run(ThreadPoolExecutor.java:630)
	at java.base/java.lang.Thread.run(Thread.java:831)
Caused by: java.lang.reflect.InvocationTargetException
	at jdk.internal.reflect.GeneratedMethodAccessor3.invoke(Unknown Source)
	at java.base/jdk.internal.reflect.DelegatingMethodAccessorImpl.invoke(DelegatingMethodAccessorImpl.java:43)
	at java.base/java.lang.reflect.Method.invoke(Method.java:567)
	at org.eclipse.lsp4j.jsonrpc.services.GenericEndpoint.lambda$null$0(GenericEndpoint.java:65)
	... 11 more
Caused by: java.lang.IllegalArgumentException: 10 is not a valid line number, allowed [0..8]
	at scala.meta.internal.inputs.InternalInput.lineToOffset(InternalInput.scala:37)
	at scala.meta.internal.inputs.InternalInput.lineToOffset$(InternalInput.scala:32)
	at scala.meta.inputs.Input$VirtualFile.lineToOffset(Input.scala:80)
	at scala.meta.inputs.Position$Range$.apply(Position.scala:59)
	at scala.meta.internal.mtags.MtagsEnrichments$XtensionPositionLspInverse.toMeta(MtagsEnrichments.scala:179)
	at scala.meta.internal.parsing.Trees.$anonfun$findLastEnclosingAt$4(Trees.scala:77)
	at scala.Option.flatMap(Option.scala:283)
	at scala.meta.internal.parsing.Trees.findLastEnclosingAt(Trees.scala:76)
	at scala.meta.internal.metals.codeactions.PatternMatchRefactor.contribute(PatternMatchRefactor.scala:96)
	at scala.meta.internal.metals.CodeActionProvider$$anonfun$1.applyOrElse(CodeActionProvider.scala:66)
	at scala.meta.internal.metals.CodeActionProvider$$anonfun$1.applyOrElse(CodeActionProvider.scala:65)
	at scala.collection.immutable.List.collect(List.scala:275)
	at scala.meta.internal.metals.CodeActionProvider.codeActions(CodeActionProvider.scala:65)
	at scala.meta.internal.metals.MetalsLanguageServer.$anonfun$codeAction$1(MetalsLanguageServer.scala:1652)
	at scala.meta.internal.metals.CancelTokens$.future(CancelTokens.scala:38)
	at scala.meta.internal.metals.MetalsLanguageServer.codeAction(MetalsLanguageServer.scala:1651)
	... 15 more

2022.07.18 20:47:38 WARN  no build target for: /Users/tharinduepasingha/Documents/Y2 S1/Functional Programming/lab3/q2.scala
2022.07.18 20:47:43 WARN  no build target for: /Users/tharinduepasingha/Documents/Y2 S1/Functional Programming/lab3/q2.scala
2022.07.18 20:47:59 WARN  no build target for: /Users/tharinduepasingha/Documents/Y2 S1/Functional Programming/lab3/q3.scala
